  116.c
D:\2020 프로그래밍\c_programming\array\array\116.c(8,10): warning C4477: 'scanf_s' : 서식 문자열 '%s'에 'unsigned int' 형식의 인수가 필요하지만 variadic 인수 2의 형식이 'size_t'입니다.
D:\2020 프로그래밍\c_programming\array\array\116.c(8,10): message : 이 인수는 버퍼 크기로 사용됩니다.
  arr1.1.c
  ex2.c
  ex.c
  ex3.c
D:\2020 프로그래밍\c_programming\array\array\ex3.c(18,15): warning C4244: '함수': 'time_t'에서 'unsigned int'(으)로 변환하면서 데이터가 손실될 수 있습니다.
  ex4.c
  ex5.c
  ex6.c
  ex7.c
D:\2020 프로그래밍\c_programming\array\array\ex7.c(5,9): warning C4101: 'size' :참조되지 않은 지역 변수입니다.
  test1.c
  test2.c
  test3.c
  test4.c
  코드를 생성하고 있습니다...
ex2.obj : error LNK2005: main이(가) 116.obj에 이미 정의되어 있습니다.
ex.obj : error LNK2005: main이(가) 116.obj에 이미 정의되어 있습니다.
ex3.obj : error LNK2005: main이(가) 116.obj에 이미 정의되어 있습니다.
ex4.obj : error LNK2005: main이(가) 116.obj에 이미 정의되어 있습니다.
ex5.obj : error LNK2005: main이(가) 116.obj에 이미 정의되어 있습니다.
ex6.obj : error LNK2005: main이(가) 116.obj에 이미 정의되어 있습니다.
ex7.obj : error LNK2005: main이(가) 116.obj에 이미 정의되어 있습니다.
test1.obj : error LNK2005: main이(가) 116.obj에 이미 정의되어 있습니다.
test2.obj : error LNK2005: main이(가) 116.obj에 이미 정의되어 있습니다.
test3.obj : error LNK2005: main이(가) 116.obj에 이미 정의되어 있습니다.
test4.obj : error LNK2005: main이(가) 116.obj에 이미 정의되어 있습니다.
D:\2020 프로그래밍\c_programming\array\x64\Debug\array.exe : fatal error LNK1169: 여러 번 정의된 기호가 있습니다.
